2016-09-26 11:22:18  [ main:0 ] - [ INFO ]  Load config [classpath:config.properties]
2016-09-26 11:22:20  [ main:1820 ] - [ INFO ]  获取到uuid为 [4YtiM__Czw==]
2016-09-26 11:22:20  [ main:2059 ] - [ INFO ]  等待登录...
2016-09-26 11:22:59  [ main:0 ] - [ INFO ]  Load config [classpath:config.properties]
2016-09-26 11:23:01  [ main:1830 ] - [ INFO ]  获取到uuid为 [AcT_VOYyLA==]
2016-09-26 11:23:01  [ main:2161 ] - [ INFO ]  等待登录...
2016-09-26 11:23:06  [ main:6662 ] - [ INFO ]  成功扫描,请在手机上点击确认以登录
2016-09-26 11:23:08  [ main:8669 ] - [ INFO ]  等待登录...
2016-09-26 11:23:08  [ main:8703 ] - [ INFO ]  成功扫描,请在手机上点击确认以登录
2016-09-26 11:23:10  [ main:10719 ] - [ INFO ]  等待登录...
2016-09-26 11:23:10  [ main:10737 ] - [ INFO ]  成功扫描,请在手机上点击确认以登录
2016-09-26 11:23:12  [ main:12737 ] - [ INFO ]  等待登录...
2016-09-26 11:23:12  [ main:12755 ] - [ INFO ]  正在登录...
2016-09-26 11:23:17  [ main:0 ] - [ INFO ]  Load config [classpath:config.properties]
2016-09-26 11:23:19  [ main:1688 ] - [ INFO ]  获取到uuid为 [AYHz9OfQwQ==]
2016-09-26 11:23:19  [ main:1938 ] - [ INFO ]  等待登录...
2016-09-26 11:23:27  [ main:10377 ] - [ INFO ]  成功扫描,请在手机上点击确认以登录
2016-09-26 11:23:29  [ main:12389 ] - [ INFO ]  等待登录...
2016-09-26 11:23:29  [ main:12407 ] - [ INFO ]  成功扫描,请在手机上点击确认以登录
2016-09-26 11:23:31  [ main:14407 ] - [ INFO ]  等待登录...
2016-09-26 11:23:31  [ main:14426 ] - [ INFO ]  正在登录...
2016-09-26 11:23:32  [ main:15441 ] - [ INFO ]  微信登录成功
2016-09-26 11:23:32  [ main:15454 ] - [ INFO ]  微信初始化...
2016-09-26 11:23:33  [ main:15705 ] - [ INFO ]  微信初始化成功
2016-09-26 11:23:33  [ main:15705 ] - [ INFO ]  开启状态通知...
2016-09-26 11:23:33  [ main:15830 ] - [ INFO ]  开启状态通知成功
2016-09-26 11:23:33  [ main:15830 ] - [ INFO ]  获取联系人...
2016-09-26 11:23:33  [ main:16096 ] - [ INFO ]  获取联系人成功
2016-09-26 11:23:33  [ main:16096 ] - [ INFO ]  共有 2 位联系人
2016-09-26 11:23:33  [ wechat-listener-thread:16096 ] - [ INFO ]  进入消息监听模式 ...
2016-09-26 11:23:33  [ wechat-listener-thread:16658 ] - [ INFO ]  选择线路：[webpush2.weixin.qq.com]
2016-09-26 11:23:34  [ wechat-listener-thread:16709 ] - [ INFO ]  retcode=0, selector=2
2016-09-26 11:23:34  [ wechat-listener-thread:16928 ] - [ INFO ]  你有新的消息，请注意查收
2016-09-26 11:23:34  [ wechat-listener-thread:16928 ] - [ INFO ]  成功截获微信初始化消息
2016-09-26 11:23:34  [ wechat-listener-thread:16928 ] - [ INFO ]  等待2000ms...
2016-09-26 11:23:36  [ wechat-listener-thread:19084 ] - [ INFO ]  retcode=0, selector=2
2016-09-26 11:23:36  [ wechat-listener-thread:19206 ] - [ INFO ]  你有新的消息，请注意查收
2016-09-26 11:23:36  [ wechat-listener-thread:19206 ] - [ INFO ]  成功截获微信初始化消息
2016-09-26 11:23:36  [ wechat-listener-thread:19206 ] - [ INFO ]  你有新的消息，请注意查收
2016-09-26 11:23:36  [ wechat-listener-thread:19206 ] - [ INFO ]  成功截获微信初始化消息
2016-09-26 11:23:36  [ wechat-listener-thread:19206 ] - [ INFO ]  你有新的消息，请注意查收
2016-09-26 11:23:36  [ wechat-listener-thread:19206 ] - [ INFO ]  成功截获微信初始化消息
2016-09-26 11:23:36  [ wechat-listener-thread:19206 ] - [ INFO ]  等待2000ms...
2016-09-26 11:23:38  [ wechat-listener-thread:21409 ] - [ INFO ]  retcode=0, selector=2
2016-09-26 11:23:38  [ wechat-listener-thread:21531 ] - [ INFO ]  你有新的消息，请注意查收
2016-09-26 11:23:38  [ wechat-listener-thread:21531 ] - [ INFO ]  成功截获微信初始化消息
2016-09-26 11:23:38  [ wechat-listener-thread:21531 ] - [ INFO ]  你有新的消息，请注意查收
2016-09-26 11:23:38  [ wechat-listener-thread:21531 ] - [ INFO ]  成功截获微信初始化消息
2016-09-26 11:23:38  [ wechat-listener-thread:21531 ] - [ INFO ]  你有新的消息，请注意查收
2016-09-26 11:23:38  [ wechat-listener-thread:21531 ] - [ INFO ]  成功截获微信初始化消息
2016-09-26 11:23:38  [ wechat-listener-thread:21531 ] - [ INFO ]  等待2000ms...
2016-09-26 11:23:42  [ wechat-listener-thread:25406 ] - [ INFO ]  retcode=0, selector=2
2016-09-26 11:23:42  [ wechat-listener-thread:25548 ] - [ INFO ]  你有新的消息，请注意查收
2016-09-26 11:23:42  [ wechat-listener-thread:25548 ] - [ INFO ]  成功截获微信初始化消息
2016-09-26 11:23:42  [ wechat-listener-thread:25548 ] - [ INFO ]  等待2000ms...
2016-09-26 11:23:45  [ wechat-listener-thread:28580 ] - [ INFO ]  retcode=0, selector=2
2016-09-26 11:23:46  [ wechat-listener-thread:28814 ] - [ INFO ]  你有新的消息，请注意查收
2016-09-26 11:23:46  [ wechat-listener-thread:28814 ] - [ INFO ]  成功截获微信初始化消息
2016-09-26 11:23:46  [ wechat-listener-thread:28814 ] - [ INFO ]  等待2000ms...
2016-09-26 11:23:52  [ wechat-listener-thread:35534 ] - [ INFO ]  retcode=0, selector=2
2016-09-26 11:23:53  [ wechat-listener-thread:35846 ] - [ INFO ]  你有新的消息，请注意查收
2016-09-26 11:23:53  [ wechat-listener-thread:35846 ] - [ INFO ]  成功截获微信初始化消息
2016-09-26 11:23:53  [ wechat-listener-thread:35847 ] - [ INFO ]  等待2000ms...
2016-09-26 11:23:56  [ wechat-listener-thread:38807 ] - [ INFO ]  retcode=0, selector=2
2016-09-26 11:23:56  [ wechat-listener-thread:39019 ] - [ INFO ]  你有新的消息，请注意查收
2016-09-26 11:23:56  [ wechat-listener-thread:39019 ] - [ INFO ]  成功截获微信初始化消息
2016-09-26 11:23:56  [ wechat-listener-thread:39019 ] - [ INFO ]  等待2000ms...
2016-09-26 11:24:23  [ wechat-listener-thread:66212 ] - [ INFO ]  retcode=0, selector=0
2016-09-26 11:24:41  [ wechat-listener-thread:84601 ] - [ INFO ]  retcode=0, selector=2
2016-09-26 11:24:42  [ wechat-listener-thread:84901 ] - [ INFO ]  你有新的消息，请注意查收
2016-09-26 11:24:42  [ wechat-listener-thread:84901 ] - [ INFO ]  OpenID:@0a8079341765e1fffa274fa18d7a5c67
2016-09-26 11:24:42  [ wechat-listener-thread:84901 ] - [ INFO ]  空白: 学生工作
2016-09-26 11:24:43  [ wechat-listener-thread:86214 ] - [ INFO ]  发送消息...
2016-09-26 11:24:43  [ wechat-listener-thread:86444 ] - [ INFO ]  自动回复 关于开展17届毕业生生源信息核对工作的通知
免研材料递交通知
2016年秋研究生奖助学金评奖通知

2016-09-26 11:24:43  [ wechat-listener-thread:86444 ] - [ INFO ]  等待2000ms...
2016-09-26 11:24:46  [ wechat-listener-thread:88726 ] - [ INFO ]  retcode=0, selector=2
2016-09-26 11:24:46  [ wechat-listener-thread:88835 ] - [ INFO ]  等待2000ms...
2016-09-26 11:25:13  [ wechat-listener-thread:116059 ] - [ INFO ]  retcode=0, selector=0
2016-09-26 11:25:38  [ wechat-listener-thread:141135 ] - [ INFO ]  retcode=0, selector=0
2016-09-26 11:26:03  [ wechat-listener-thread:166248 ] - [ INFO ]  retcode=0, selector=0
2016-09-26 11:26:28  [ wechat-listener-thread:191388 ] - [ INFO ]  retcode=0, selector=0
2016-09-26 11:26:53  [ wechat-listener-thread:216480 ] - [ INFO ]  retcode=0, selector=0
2016-09-26 11:27:05  [ wechat-listener-thread:227849 ] - [ INFO ]  retcode=0, selector=2
2016-09-26 11:27:05  [ wechat-listener-thread:228379 ] - [ INFO ]  你有新的消息，请注意查收
2016-09-26 11:27:05  [ wechat-listener-thread:228379 ] - [ INFO ]  OpenID:@0a8079341765e1fffa274fa18d7a5c67
2016-09-26 11:27:05  [ wechat-listener-thread:228379 ] - [ INFO ]  空白: 本科生教务
2016-09-26 11:27:05  [ wechat-listener-thread:228457 ] - [ INFO ]  发送消息...
2016-09-26 11:27:06  [ wechat-listener-thread:228818 ] - [ INFO ]  自动回复 机械工程专业“卓越工程师教育培养计划”学生选拔申请表
020专业2013级实习安排-3
关于东南大学2016年第二批CSC及部分校级优秀本科生国际交流项目申请报名通知

2016-09-26 11:27:06  [ wechat-listener-thread:228818 ] - [ INFO ]  等待2000ms...
2016-09-26 11:27:08  [ wechat-listener-thread:230958 ] - [ INFO ]  retcode=0, selector=2
2016-09-26 11:27:08  [ wechat-listener-thread:231074 ] - [ INFO ]  等待2000ms...
2016-09-26 11:27:35  [ wechat-listener-thread:258220 ] - [ INFO ]  retcode=0, selector=0
2016-09-26 11:28:00  [ wechat-listener-thread:283285 ] - [ INFO ]  retcode=0, selector=0
2016-09-26 11:28:25  [ wechat-listener-thread:308346 ] - [ INFO ]  retcode=0, selector=0
2016-09-26 11:28:50  [ wechat-listener-thread:333401 ] - [ INFO ]  retcode=0, selector=0
2016-09-26 11:28:52  [ wechat-listener-thread:334850 ] - [ INFO ]  retcode=0, selector=2
2016-09-26 11:28:52  [ wechat-listener-thread:335162 ] - [ INFO ]  你有新的消息，请注意查收
2016-09-26 11:28:52  [ wechat-listener-thread:335162 ] - [ INFO ]  OpenID:@0a8079341765e1fffa274fa18d7a5c67
2016-09-26 11:28:52  [ wechat-listener-thread:335162 ] - [ INFO ]  空白: 研究生教务
2016-09-26 11:28:52  [ wechat-listener-thread:335240 ] - [ INFO ]  发送消息...
2016-09-26 11:28:52  [ wechat-listener-thread:335553 ] - [ INFO ]  自动回复 （2016年）公布本学期10月份学位论文集中送审时间规定！（硕士研究生相互转告，不得逾期交付！）
机行政[2016]6号-硕士研究生论文评阅与答辩组织管理办法--2016年9月1日开始执行！！！
机行政[2016]7号-硕士研究生集中开题组织管理办法--2016年9月1日开始执行！！！

2016-09-26 11:28:52  [ wechat-listener-thread:335553 ] - [ INFO ]  等待2000ms...
2016-09-26 11:28:55  [ wechat-listener-thread:337740 ] - [ INFO ]  retcode=0, selector=2
2016-09-26 11:28:55  [ wechat-listener-thread:337860 ] - [ INFO ]  等待2000ms...
2016-09-26 11:29:22  [ wechat-listener-thread:364990 ] - [ INFO ]  retcode=0, selector=0
2016-09-26 11:29:47  [ wechat-listener-thread:390049 ] - [ INFO ]  retcode=0, selector=0
2016-09-26 11:30:12  [ wechat-listener-thread:415107 ] - [ INFO ]  retcode=0, selector=0
2016-09-26 11:30:37  [ wechat-listener-thread:440175 ] - [ INFO ]  retcode=0, selector=0
2016-09-26 11:31:02  [ wechat-listener-thread:465267 ] - [ INFO ]  retcode=0, selector=0
2016-09-26 11:31:27  [ wechat-listener-thread:490335 ] - [ INFO ]  retcode=0, selector=0
2016-09-26 11:31:52  [ wechat-listener-thread:515477 ] - [ INFO ]  retcode=0, selector=0
2016-09-26 11:32:17  [ wechat-listener-thread:540542 ] - [ INFO ]  retcode=0, selector=0
2016-09-26 11:32:42  [ wechat-listener-thread:565605 ] - [ INFO ]  retcode=0, selector=0
2016-09-26 11:33:07  [ wechat-listener-thread:590664 ] - [ INFO ]  retcode=0, selector=0
2016-09-26 11:33:33  [ wechat-listener-thread:615751 ] - [ INFO ]  retcode=0, selector=0
2016-09-26 11:33:58  [ wechat-listener-thread:640819 ] - [ INFO ]  retcode=0, selector=0
2016-09-26 11:34:23  [ wechat-listener-thread:665880 ] - [ INFO ]  retcode=0, selector=0
2016-09-26 11:34:48  [ wechat-listener-thread:690938 ] - [ INFO ]  retcode=0, selector=0
2016-09-26 11:35:14  [ wechat-listener-thread:716854 ] - [ INFO ]  retcode=0, selector=0
2016-09-26 11:35:39  [ wechat-listener-thread:741923 ] - [ INFO ]  retcode=0, selector=0
2016-09-26 11:36:04  [ wechat-listener-thread:766993 ] - [ INFO ]  retcode=0, selector=0
2016-09-26 11:36:29  [ wechat-listener-thread:792051 ] - [ INFO ]  retcode=0, selector=0
2016-09-26 11:36:54  [ wechat-listener-thread:817207 ] - [ INFO ]  retcode=0, selector=0
2016-09-26 11:37:19  [ wechat-listener-thread:842278 ] - [ INFO ]  retcode=0, selector=0
2016-09-26 11:37:44  [ wechat-listener-thread:867338 ] - [ INFO ]  retcode=0, selector=0
2016-09-26 11:38:09  [ wechat-listener-thread:892405 ] - [ INFO ]  retcode=0, selector=0
2016-09-26 11:38:34  [ wechat-listener-thread:917470 ] - [ INFO ]  retcode=0, selector=0
2016-09-26 11:38:59  [ wechat-listener-thread:942538 ] - [ INFO ]  retcode=0, selector=0
2016-09-26 11:39:23  [ wechat-listener-thread:966356 ] - [ INFO ]  retcode=1101, selector=0
2016-09-26 11:39:23  [ wechat-listener-thread:966356 ] - [ INFO ]  你在手机上登出了微信，债见
